{
"contracts/APIConsumer.sol":{"l":{"25":3,"26":0,"28":3,"33":3,"34":3,"35":3,"43":1,"50":1,"65":1,"68":1,"69":1,"72":1,"82":0,"90":0,"93":0,"104":3,"105":3,"106":0,"109":3},"path":"/Users/carlosguso/development/blockchain/chainlink-bootcamp/hardhat-starter-kit/contracts/APIConsumer.sol","s":{"1":3,"2":0,"3":3,"4":3,"5":3,"6":3,"7":1,"8":1,"9":1,"10":1,"11":1,"12":1,"13":0,"14":0,"15":0,"16":3,"17":3,"18":0},"b":{"1":[0,3],"2":[0,0],"3":[0,3]},"f":{"1":3,"2":1,"3":0,"4":0,"5":3},"fnMap":{"1":{"name":"constructor","line":19,"loc":{"start":{"line":19,"column":4},"end":{"line":36,"column":4}}},"2":{"name":"requestVolumeData","line":42,"loc":{"start":{"line":42,"column":4},"end":{"line":73,"column":4}}},"3":{"name":"fulfill","line":80,"loc":{"start":{"line":78,"column":4},"end":{"line":83,"column":4}}},"4":{"name":"withdrawLink","line":89,"loc":{"start":{"line":89,"column":4},"end":{"line":97,"column":4}}},"5":{"name":"stringToBytes32","line":99,"loc":{"start":{"line":99,"column":4},"end":{"line":112,"column":4}}}},"statementMap":{"1":{"start":{"line":25,"column":8},"end":{"line":25,"column":619}},"2":{"start":{"line":26,"column":12},"end":{"line":26,"column":36}},"3":{"start":{"line":28,"column":12},"end":{"line":28,"column":35}},"4":{"start":{"line":33,"column":8},"end":{"line":33,"column":23}},"5":{"start":{"line":34,"column":8},"end":{"line":34,"column":38}},"6":{"start":{"line":35,"column":8},"end":{"line":35,"column":17}},"7":{"start":{"line":43,"column":8},"end":{"line":43,"column":1267}},"8":{"start":{"line":50,"column":8},"end":{"line":50,"column":1477}},"9":{"start":{"line":65,"column":8},"end":{"line":65,"column":54}},"10":{"start":{"line":68,"column":8},"end":{"line":68,"column":35}},"11":{"start":{"line":69,"column":8},"end":{"line":69,"column":43}},"12":{"start":{"line":72,"column":8},"end":{"line":72,"column":59}},"13":{"start":{"line":82,"column":8},"end":{"line":82,"column":23}},"14":{"start":{"line":90,"column":8},"end":{"line":90,"column":2550}},"15":{"start":{"line":93,"column":8},"end":{"line":93,"column":2655}},"16":{"start":{"line":104,"column":8},"end":{"line":104,"column":56}},"17":{"start":{"line":105,"column":8},"end":{"line":105,"column":2979}},"18":{"start":{"line":106,"column":12},"end":{"line":106,"column":22}}},"branchMap":{"1":{"line":25,"type":"if","locations":[{"start":{"line":25,"column":8},"end":{"line":25,"column":8}},{"start":{"line":25,"column":8},"end":{"line":25,"column":8}}]},"2":{"line":93,"type":"if","locations":[{"start":{"line":93,"column":8},"end":{"line":93,"column":8}},{"start":{"line":93,"column":8},"end":{"line":93,"column":8}}]},"3":{"line":105,"type":"if","locations":[{"start":{"line":105,"column":8},"end":{"line":105,"column":8}},{"start":{"line":105,"column":8},"end":{"line":105,"column":8}}]}}},
"contracts/PriceConsumerV3.sol":{"l":{"14":3,"21":1,"28":1},"path":"/Users/carlosguso/development/blockchain/chainlink-bootcamp/hardhat-starter-kit/contracts/PriceConsumerV3.sol","s":{"1":3,"2":1,"3":1},"b":{},"f":{"1":3,"2":1},"fnMap":{"1":{"name":"constructor","line":13,"loc":{"start":{"line":13,"column":4},"end":{"line":15,"column":4}}},"2":{"name":"getLatestPrice","line":20,"loc":{"start":{"line":20,"column":4},"end":{"line":29,"column":4}}}},"statementMap":{"1":{"start":{"line":14,"column":8},"end":{"line":14,"column":52}},"2":{"start":{"line":21,"column":8},"end":{"line":21,"column":566}},"3":{"start":{"line":28,"column":8},"end":{"line":28,"column":20}}},"branchMap":{}},
"contracts/RandomNumberConsumer.sol":{"l":{"31":3,"32":3,"39":1,"40":1,"50":0,"60":0},"path":"/Users/carlosguso/development/blockchain/chainlink-bootcamp/hardhat-starter-kit/contracts/RandomNumberConsumer.sol","s":{"1":3,"2":3,"3":1,"4":1,"5":0,"6":0},"b":{"1":[0,0]},"f":{"1":3,"2":1,"3":0,"4":0},"fnMap":{"1":{"name":"constructor","line":29,"loc":{"start":{"line":19,"column":4},"end":{"line":33,"column":4}}},"2":{"name":"getRandomNumber","line":38,"loc":{"start":{"line":38,"column":4},"end":{"line":41,"column":4}}},"3":{"name":"fulfillRandomness","line":46,"loc":{"start":{"line":46,"column":4},"end":{"line":51,"column":4}}},"4":{"name":"withdrawLink","line":59,"loc":{"start":{"line":59,"column":4},"end":{"line":64,"column":4}}}},"statementMap":{"1":{"start":{"line":31,"column":8},"end":{"line":31,"column":25}},"2":{"start":{"line":32,"column":8},"end":{"line":32,"column":17}},"3":{"start":{"line":39,"column":8},"end":{"line":39,"column":50}},"4":{"start":{"line":40,"column":8},"end":{"line":40,"column":43}},"5":{"start":{"line":50,"column":8},"end":{"line":50,"column":32}},"6":{"start":{"line":60,"column":8},"end":{"line":60,"column":1607}}},"branchMap":{"1":{"line":60,"type":"if","locations":[{"start":{"line":60,"column":8},"end":{"line":60,"column":8}},{"start":{"line":60,"column":8},"end":{"line":60,"column":8}}]}}},
"contracts/test/LinkToken.sol":{"l":{},"path":"/Users/carlosguso/development/blockchain/chainlink-bootcamp/hardhat-starter-kit/contracts/test/LinkToken.sol","s":{},"b":{},"f":{},"fnMap":{},"statementMap":{},"branchMap":{}},
"contracts/test/MockOracle.sol":{"l":{"51":9,"82":1,"83":1,"85":1,"87":1,"92":1,"121":0,"122":0,"123":0,"127":0,"128":0,"149":0,"151":0,"153":0,"154":0,"156":0,"170":2,"180":0,"181":0,"190":1,"191":1},"path":"/Users/carlosguso/development/blockchain/chainlink-bootcamp/hardhat-starter-kit/contracts/test/MockOracle.sol","s":{"1":9,"2":1,"3":1,"4":1,"5":1,"6":1,"7":0,"8":0,"9":0,"10":0,"11":0,"12":0,"13":0,"14":0,"15":2,"16":0,"17":1},"b":{"1":[1,0],"2":[0,0],"3":[0,0],"4":[0,0],"5":[0,0],"6":[1,0]},"f":{"1":9,"2":1,"3":0,"4":0,"5":2,"6":0,"7":1},"fnMap":{"1":{"name":"constructor","line":48,"loc":{"start":{"line":48,"column":2},"end":{"line":52,"column":2}}},"2":{"name":"oracleRequest","line":80,"loc":{"start":{"line":67,"column":2},"end":{"line":102,"column":2}}},"3":{"name":"fulfillOracleRequest","line":118,"loc":{"start":{"line":113,"column":2},"end":{"line":129,"column":2}}},"4":{"name":"cancelOracleRequest","line":140,"loc":{"start":{"line":140,"column":2},"end":{"line":157,"column":2}}},"5":{"name":"getChainlinkToken","line":164,"loc":{"start":{"line":164,"column":2},"end":{"line":171,"column":2}}},"6":{"name":"isValidRequest","line":179,"loc":{"start":{"line":179,"column":2},"end":{"line":182,"column":2}}},"7":{"name":"checkCallbackAddress","line":189,"loc":{"start":{"line":189,"column":2},"end":{"line":192,"column":2}}}},"statementMap":{"1":{"start":{"line":51,"column":4},"end":{"line":51,"column":40}},"2":{"start":{"line":82,"column":4},"end":{"line":82,"column":68}},"3":{"start":{"line":83,"column":4},"end":{"line":83,"column":85}},"4":{"start":{"line":85,"column":4},"end":{"line":85,"column":45}},"5":{"start":{"line":87,"column":4},"end":{"line":87,"column":2767}},"6":{"start":{"line":92,"column":4},"end":{"line":92,"column":2875}},"7":{"start":{"line":121,"column":4},"end":{"line":121,"column":48}},"8":{"start":{"line":123,"column":4},"end":{"line":123,"column":87}},"9":{"start":{"line":127,"column":4},"end":{"line":127,"column":111}},"10":{"start":{"line":128,"column":4},"end":{"line":128,"column":18}},"11":{"start":{"line":149,"column":4},"end":{"line":149,"column":86}},"12":{"start":{"line":151,"column":4},"end":{"line":151,"column":56}},"13":{"start":{"line":154,"column":4},"end":{"line":154,"column":40}},"14":{"start":{"line":156,"column":4},"end":{"line":156,"column":51}},"15":{"start":{"line":170,"column":4},"end":{"line":170,"column":29}},"16":{"start":{"line":180,"column":4},"end":{"line":180,"column":93}},"17":{"start":{"line":190,"column":4},"end":{"line":190,"column":64}}},"branchMap":{"1":{"line":83,"type":"if","locations":[{"start":{"line":83,"column":4},"end":{"line":83,"column":4}},{"start":{"line":83,"column":4},"end":{"line":83,"column":4}}]},"2":{"line":123,"type":"if","locations":[{"start":{"line":123,"column":4},"end":{"line":123,"column":4}},{"start":{"line":123,"column":4},"end":{"line":123,"column":4}}]},"3":{"line":149,"type":"if","locations":[{"start":{"line":149,"column":4},"end":{"line":149,"column":4}},{"start":{"line":149,"column":4},"end":{"line":149,"column":4}}]},"4":{"line":151,"type":"if","locations":[{"start":{"line":151,"column":4},"end":{"line":151,"column":4}},{"start":{"line":151,"column":4},"end":{"line":151,"column":4}}]},"5":{"line":180,"type":"if","locations":[{"start":{"line":180,"column":4},"end":{"line":180,"column":4}},{"start":{"line":180,"column":4},"end":{"line":180,"column":4}}]},"6":{"line":190,"type":"if","locations":[{"start":{"line":190,"column":4},"end":{"line":190,"column":4}},{"start":{"line":190,"column":4},"end":{"line":190,"column":4}}]}}},
"contracts/test/MockV3Aggregator.sol":{"l":{},"path":"/Users/carlosguso/development/blockchain/chainlink-bootcamp/hardhat-starter-kit/contracts/test/MockV3Aggregator.sol","s":{},"b":{},"f":{},"fnMap":{},"statementMap":{},"branchMap":{}},
"contracts/test/VRFCoordinatorMock.sol":{"l":{},"path":"/Users/carlosguso/development/blockchain/chainlink-bootcamp/hardhat-starter-kit/contracts/test/VRFCoordinatorMock.sol","s":{},"b":{},"f":{},"fnMap":{},"statementMap":{},"branchMap":{}}}
