TN:
SF:/Users/carlosguso/development/blockchain/chainlink-bootcamp/hardhat-starter-kit/contracts/APIConsumer.sol
FN:19,constructor
FN:42,requestVolumeData
FN:80,fulfill
FN:89,withdrawLink
FN:99,stringToBytes32
FNF:5
FNH:3
FNDA:3,constructor
FNDA:1,requestVolumeData
FNDA:0,fulfill
FNDA:0,withdrawLink
FNDA:3,stringToBytes32
DA:25,3
DA:26,0
DA:28,3
DA:33,3
DA:34,3
DA:35,3
DA:43,1
DA:50,1
DA:65,1
DA:68,1
DA:69,1
DA:72,1
DA:82,0
DA:90,0
DA:93,0
DA:104,3
DA:105,3
DA:106,0
DA:109,3
LF:19
LH:14
BRDA:25,1,0,0
BRDA:25,1,1,3
BRDA:93,2,0,0
BRDA:93,2,1,0
BRDA:105,3,0,0
BRDA:105,3,1,3
BRF:6
BRH:2
end_of_record
TN:
SF:/Users/carlosguso/development/blockchain/chainlink-bootcamp/hardhat-starter-kit/contracts/PriceConsumerV3.sol
FN:13,constructor
FN:20,getLatestPrice
FNF:2
FNH:2
FNDA:3,constructor
FNDA:1,getLatestPrice
DA:14,3
DA:21,1
DA:28,1
LF:3
LH:3
BRF:0
BRH:0
end_of_record
TN:
SF:/Users/carlosguso/development/blockchain/chainlink-bootcamp/hardhat-starter-kit/contracts/RandomNumberConsumer.sol
FN:29,constructor
FN:38,getRandomNumber
FN:46,fulfillRandomness
FN:59,withdrawLink
FNF:4
FNH:2
FNDA:3,constructor
FNDA:1,getRandomNumber
FNDA:0,fulfillRandomness
FNDA:0,withdrawLink
DA:31,3
DA:32,3
DA:39,1
DA:40,1
DA:50,0
DA:60,0
LF:6
LH:4
BRDA:60,1,0,0
BRDA:60,1,1,0
BRF:2
BRH:0
end_of_record
TN:
SF:/Users/carlosguso/development/blockchain/chainlink-bootcamp/hardhat-starter-kit/contracts/test/LinkToken.sol
FNF:0
FNH:0
LF:0
LH:0
BRF:0
BRH:0
end_of_record
TN:
SF:/Users/carlosguso/development/blockchain/chainlink-bootcamp/hardhat-starter-kit/contracts/test/MockOracle.sol
FN:48,constructor
FN:80,oracleRequest
FN:118,fulfillOracleRequest
FN:140,cancelOracleRequest
FN:164,getChainlinkToken
FN:179,isValidRequest
FN:189,checkCallbackAddress
FNF:7
FNH:4
FNDA:9,constructor
FNDA:1,oracleRequest
FNDA:0,fulfillOracleRequest
FNDA:0,cancelOracleRequest
FNDA:2,getChainlinkToken
FNDA:0,isValidRequest
FNDA:1,checkCallbackAddress
DA:51,9
DA:82,1
DA:83,1
DA:85,1
DA:87,1
DA:92,1
DA:121,0
DA:122,0
DA:123,0
DA:127,0
DA:128,0
DA:149,0
DA:151,0
DA:153,0
DA:154,0
DA:156,0
DA:170,2
DA:180,0
DA:181,0
DA:190,1
DA:191,1
LF:21
LH:9
BRDA:83,1,0,1
BRDA:83,1,1,0
BRDA:123,2,0,0
BRDA:123,2,1,0
BRDA:149,3,0,0
BRDA:149,3,1,0
BRDA:151,4,0,0
BRDA:151,4,1,0
BRDA:180,5,0,0
BRDA:180,5,1,0
BRDA:190,6,0,1
BRDA:190,6,1,0
BRF:12
BRH:2
end_of_record
TN:
SF:/Users/carlosguso/development/blockchain/chainlink-bootcamp/hardhat-starter-kit/contracts/test/MockV3Aggregator.sol
FNF:0
FNH:0
LF:0
LH:0
BRF:0
BRH:0
end_of_record
TN:
SF:/Users/carlosguso/development/blockchain/chainlink-bootcamp/hardhat-starter-kit/contracts/test/VRFCoordinatorMock.sol
FNF:0
FNH:0
LF:0
LH:0
BRF:0
BRH:0
end_of_record
